2025-07-16 17:00:30,740 - INFO - Loaded 1440 bits from cursor_optimized_extraction.csv
2025-07-16 17:00:30,786 - INFO - Bit distribution: 1088 zeros, 352 ones
2025-07-16 17:00:30,847 - INFO - ============================================================
2025-07-16 17:00:30,867 - INFO - CURSOR AGENT: COMPREHENSIVE BINARY DECODING
2025-07-16 17:00:30,868 - INFO - ============================================================
2025-07-16 17:00:30,868 - INFO - === STEP 1: CANONICAL BYTE SPLIT ===
2025-07-16 17:00:30,869 - INFO - === STEP 2: BIT SHIFTS ===
2025-07-16 17:00:30,879 - INFO - === STEP 3: REVERSE BIT ORDER ===
2025-07-16 17:00:30,889 - INFO - === STEP 4: ENDIANNESS SWAPS ===
2025-07-16 17:00:30,900 - INFO - === STEP 5: BASE64/BASE58 WINDOW SCAN ===
2025-07-16 17:00:30,913 - INFO - === STEP 6: WIF/KEY PREFIX BRUTE FORCE ===
2025-07-16 17:00:30,918 - INFO - [WIF CANDIDATE] Offset 312, Hex: 8007f000
2025-07-16 17:00:30,970 - INFO - [WIF CANDIDATE] Offset 488, Hex: 8003fff8
2025-07-16 17:00:31,031 - INFO - [WIF CANDIDATE] Offset 536, Hex: 800fffc0
2025-07-16 17:00:31,048 - INFO - [WIF CANDIDATE] Offset 808, Hex: 8001d800
2025-07-16 17:00:31,049 - INFO - [WIF CANDIDATE] Offset 848, Hex: 80003800
2025-07-16 17:00:31,049 - INFO - [WIF CANDIDATE] Offset 1008, Hex: 80010000
2025-07-16 17:00:31,051 - INFO - [WIF CANDIDATE] Offset 312, Hex: 8007f00001f8
2025-07-16 17:00:31,052 - INFO - [WIF CANDIDATE] Offset 488, Hex: 8003fff8041d
2025-07-16 17:00:31,052 - INFO - [WIF CANDIDATE] Offset 536, Hex: 800fffc01438
2025-07-16 17:00:31,052 - INFO - [WIF CANDIDATE] Offset 808, Hex: 8001d8000380
2025-07-16 17:00:31,052 - INFO - [WIF CANDIDATE] Offset 848, Hex: 800038000000
2025-07-16 17:00:31,052 - INFO - [WIF CANDIDATE] Offset 1008, Hex: 80010000007c
2025-07-16 17:00:31,054 - INFO - [WIF CANDIDATE] Offset 312, Hex: 8007f00001f80fff
2025-07-16 17:00:31,054 - INFO - [WIF CANDIDATE] Offset 488, Hex: 8003fff8041d800f
2025-07-16 17:00:31,054 - INFO - [WIF CANDIDATE] Offset 536, Hex: 800fffc014380000
2025-07-16 17:00:31,068 - INFO - [WIF CANDIDATE] Offset 808, Hex: 8001d80003800038
2025-07-16 17:00:31,072 - INFO - [WIF CANDIDATE] Offset 848, Hex: 8000380000000000
2025-07-16 17:00:31,072 - INFO - [WIF CANDIDATE] Offset 1008, Hex: 80010000007c1040
2025-07-16 17:00:31,079 - INFO - === STEP 7: QR MATRIX GUESS ===
2025-07-16 17:00:31,085 - INFO - [QR MATRIX] Size 37x37, Black ratio: 0.247
2025-07-16 17:00:31,086 - INFO - [QR MATRIX] Size 29x29, Black ratio: 0.346
2025-07-16 17:00:31,087 - INFO - [QR MATRIX] Size 25x25, Black ratio: 0.426
2025-07-16 17:00:31,088 - INFO - [QR MATRIX] Size 21x21, Black ratio: 0.463
2025-07-16 17:00:31,088 - INFO - === STEP 8: ENTROPY MONITORING ===
2025-07-16 17:00:31,102 - INFO - === CREATING DECODE HEATMAP ===
2025-07-16 17:00:32,366 - INFO - Heatmap saved: decode_heatmap.png
2025-07-16 17:00:32,366 - INFO - === SAVING RESULTS ===
2025-07-16 17:00:57,012 - INFO - Loaded 1440 bits from cursor_optimized_extraction.csv
2025-07-16 17:00:57,018 - INFO - Bit distribution: 1088 zeros, 352 ones
2025-07-16 17:00:57,018 - INFO - ============================================================
2025-07-16 17:00:57,019 - INFO - CURSOR AGENT: COMPREHENSIVE BINARY DECODING
2025-07-16 17:00:57,020 - INFO - ============================================================
2025-07-16 17:00:57,020 - INFO - === STEP 1: CANONICAL BYTE SPLIT ===
2025-07-16 17:00:57,020 - INFO - === STEP 2: BIT SHIFTS ===
2025-07-16 17:00:57,028 - INFO - === STEP 3: REVERSE BIT ORDER ===
2025-07-16 17:00:57,048 - INFO - === STEP 4: ENDIANNESS SWAPS ===
2025-07-16 17:00:57,075 - INFO - === STEP 5: BASE64/BASE58 WINDOW SCAN ===
2025-07-16 17:00:57,095 - INFO - === STEP 6: WIF/KEY PREFIX BRUTE FORCE ===
2025-07-16 17:00:57,098 - INFO - [WIF CANDIDATE] Offset 312, Hex: 8007f000
2025-07-16 17:00:57,098 - INFO - [WIF CANDIDATE] Offset 488, Hex: 8003fff8
2025-07-16 17:00:57,098 - INFO - [WIF CANDIDATE] Offset 536, Hex: 800fffc0
2025-07-16 17:00:57,098 - INFO - [WIF CANDIDATE] Offset 808, Hex: 8001d800
2025-07-16 17:00:57,098 - INFO - [WIF CANDIDATE] Offset 848, Hex: 80003800
2025-07-16 17:00:57,099 - INFO - [WIF CANDIDATE] Offset 1008, Hex: 80010000
2025-07-16 17:00:57,100 - INFO - [WIF CANDIDATE] Offset 312, Hex: 8007f00001f8
2025-07-16 17:00:57,117 - INFO - [WIF CANDIDATE] Offset 488, Hex: 8003fff8041d
2025-07-16 17:00:57,117 - INFO - [WIF CANDIDATE] Offset 536, Hex: 800fffc01438
2025-07-16 17:00:57,119 - INFO - [WIF CANDIDATE] Offset 808, Hex: 8001d8000380
2025-07-16 17:00:57,120 - INFO - [WIF CANDIDATE] Offset 848, Hex: 800038000000
2025-07-16 17:00:57,120 - INFO - [WIF CANDIDATE] Offset 1008, Hex: 80010000007c
2025-07-16 17:00:57,130 - INFO - [WIF CANDIDATE] Offset 312, Hex: 8007f00001f80fff
2025-07-16 17:00:57,136 - INFO - [WIF CANDIDATE] Offset 488, Hex: 8003fff8041d800f
2025-07-16 17:00:57,136 - INFO - [WIF CANDIDATE] Offset 536, Hex: 800fffc014380000
2025-07-16 17:00:57,136 - INFO - [WIF CANDIDATE] Offset 808, Hex: 8001d80003800038
2025-07-16 17:00:57,147 - INFO - [WIF CANDIDATE] Offset 848, Hex: 8000380000000000
2025-07-16 17:00:57,150 - INFO - [WIF CANDIDATE] Offset 1008, Hex: 80010000007c1040
2025-07-16 17:00:57,150 - INFO - === STEP 7: QR MATRIX GUESS ===
2025-07-16 17:00:57,151 - INFO - [QR MATRIX] Size 37x37, Black ratio: 0.247
2025-07-16 17:00:57,152 - INFO - [QR MATRIX] Size 29x29, Black ratio: 0.346
2025-07-16 17:00:57,157 - INFO - [QR MATRIX] Size 25x25, Black ratio: 0.426
2025-07-16 17:00:57,163 - INFO - [QR MATRIX] Size 21x21, Black ratio: 0.463
2025-07-16 17:00:57,165 - INFO - === STEP 8: ENTROPY MONITORING ===
2025-07-16 17:00:57,166 - INFO - === CREATING DECODE HEATMAP ===
2025-07-16 17:00:59,501 - INFO - Heatmap saved: decode_heatmap.png
2025-07-16 17:00:59,501 - INFO - === SAVING RESULTS ===
